Using pre-set license
Built from '2020.3/release' branch; Version is '2020.3.1f1 (77a89f25062f) revision 7841951'; Using compiler version '192528614'; Build Type 'Release'
OS: 'Windows 10 Home; OS build 19042.870; Version 2009; 64bit' Language: 'de' Physical Memory: 32714 MB
BatchMode: 1, IsHumanControllingUs: 0, StartBugReporterOnCrash: 0, Is64bit: 1, IsPro: 0

 COMMAND LINE ARGUMENTS:
C:\Program Files\Unity\Hub\Editor\2020.3.1f1\Editor\Unity.exe
-adb2
-batchMode
-noUpm
-name
AssetImportWorker0
-projectPath
D:/Unity_Games/2x2x4 Rubiks Cube
-logFile
Logs/AssetImportWorker0.log
-srvPort
51834
Successfully changed project path to: D:/Unity_Games/2x2x4 Rubiks Cube
D:/Unity_Games/2x2x4 Rubiks Cube
Using Asset Import Pipeline V2.
Refreshing native plugins compatible for Editor in 20.29 ms, found 0 plugins.
Preloading 0 native plugins for Editor in 0.00 ms.
Initialize engine version: 2020.3.1f1 (77a89f25062f)
[Subsystems] Discovering subsystems at path C:/Program Files/Unity/Hub/Editor/2020.3.1f1/Editor/Data/Resources/UnitySubsystems
[Subsystems] Discovering subsystems at path D:/Unity_Games/2x2x4 Rubiks Cube/Assets
GfxDevice: creating device client; threaded=0
Direct3D:
    Version:  Direct3D 11.0 [level 11.1]
    Renderer: NVIDIA GeForce GTX 1070 Ti (ID=0x1b82)
    Vendor:   
    VRAM:     8079 MB
    Driver:   27.21.14.6192
Initialize mono
Mono path[0] = 'C:/Program Files/Unity/Hub/Editor/2020.3.1f1/Editor/Data/Managed'
Mono path[1] = 'C:/Program Files/Unity/Hub/Editor/2020.3.1f1/Editor/Data/MonoBleedingEdge/lib/mono/unityjit'
Mono config path = 'C:/Program Files/Unity/Hub/Editor/2020.3.1f1/Editor/Data/MonoBleedingEdge/etc'
Using monoOptions --debugger-agent=transport=dt_socket,embedding=1,server=y,suspend=n,address=127.0.0.1:56604
Begin MonoManager ReloadAssembly
Registering precompiled unity dll's ...
Register platform support module: C:/Program Files/Unity/Hub/Editor/2020.3.1f1/Editor/Data/PlaybackEngines/WindowsStandaloneSupport/UnityEditor.WindowsStandalone.Extensions.dll
Registered in 0.001641 seconds.
Native extension for WindowsStandalone target not found
Refreshing native plugins compatible for Editor in 20.48 ms, found 0 plugins.
Preloading 0 native plugins for Editor in 0.00 ms.
Invoked RoslynAnalysisRunner static constructor.
RoslynAnalysisRunner will not be running.
RoslynAnalysisRunner has terminated.
Mono: successfully reloaded assembly
- Completed reload, in  1.458 seconds
Platform modules already initialized, skipping
Registering precompiled user dll's ...
Registered in 0.000338 seconds.
Begin MonoManager ReloadAssembly
Native extension for WindowsStandalone target not found
Refreshing native plugins compatible for Editor in 0.27 ms, found 0 plugins.
Preloading 0 native plugins for Editor in 0.00 ms.
Invoked RoslynAnalysisRunner static constructor.
RoslynAnalysisRunner will not be running.
RoslynAnalysisRunner has terminated.
Mono: successfully reloaded assembly
- Completed reload, in  0.669 seconds
Platform modules already initialized, skipping
========================================================================
Worker process is ready to serve import requests
Launched and connected shader compiler UnityShaderCompiler.exe after 0.04 seconds
Refreshing native plugins compatible for Editor in 0.24 ms, found 0 plugins.
Preloading 0 native plugins for Editor in 0.00 ms.
Unloading 1131 Unused Serialized files (Serialized files now loaded: 0)
System memory in use before: 59.0 MB.
System memory in use after: 59.0 MB.

Unloading 10 unused Assets to reduce memory usage. Loaded Objects now: 1574.
Total: 1.496000 ms (FindLiveObjects: 0.141100 ms CreateObjectMapping: 0.027200 ms MarkObjects: 1.258500 ms  DeleteObjects: 0.068400 ms)

========================================================================
Received Import Request.
  path: Assets/Materials/orange.mat
  artifactKey: Guid(dadabd53bc7b0a84c8115bb349bb852d) Importer(815301076,1909f56bfc062723c751e8b465ee728b)
Start importing Assets/Materials/orange.mat using Guid(dadabd53bc7b0a84c8115bb349bb852d) Importer(815301076,1909f56bfc062723c751e8b465ee728b)  -> (artifact id: 'c71ec18e0266b600c9cdd20a0dc2f539') in 0.111433 seconds
  Import took 0.113253 seconds .

========================================================================
Received Prepare
Registering precompiled user dll's ...
Registered in 0.000441 seconds.
Begin MonoManager ReloadAssembly
Native extension for WindowsStandalone target not found
Refreshing native plugins compatible for Editor in 0.40 ms, found 0 plugins.
Preloading 0 native plugins for Editor in 0.00 ms.
Invoked RoslynAnalysisRunner static constructor.
RoslynAnalysisRunner will not be running.
RoslynAnalysisRunner has terminated.
Mono: successfully reloaded assembly
- Completed reload, in  0.647 seconds
Platform modules already initialized, skipping
Refreshing native plugins compatible for Editor in 0.26 ms, found 0 plugins.
Preloading 0 native plugins for Editor in 0.00 ms.
Unloading 1113 Unused Serialized files (Serialized files now loaded: 0)
System memory in use before: 61.3 MB.
System memory in use after: 61.3 MB.

Unloading 5 unused Assets to reduce memory usage. Loaded Objects now: 1617.
Total: 1.471900 ms (FindLiveObjects: 0.142400 ms CreateObjectMapping: 0.026900 ms MarkObjects: 1.254700 ms  DeleteObjects: 0.047000 ms)

========================================================================
Received Prepare
Registering precompiled user dll's ...
Registered in 0.000378 seconds.
Begin MonoManager ReloadAssembly
Native extension for WindowsStandalone target not found
Refreshing native plugins compatible for Editor in 0.23 ms, found 0 plugins.
Preloading 0 native plugins for Editor in 0.00 ms.
Invoked RoslynAnalysisRunner static constructor.
RoslynAnalysisRunner will not be running.
RoslynAnalysisRunner has terminated.
Mono: successfully reloaded assembly
- Completed reload, in  0.623 seconds
Platform modules already initialized, skipping
Refreshing native plugins compatible for Editor in 0.23 ms, found 0 plugins.
Preloading 0 native plugins for Editor in 0.00 ms.
Unloading 1113 Unused Serialized files (Serialized files now loaded: 0)
System memory in use before: 61.3 MB.
System memory in use after: 61.4 MB.

Unloading 5 unused Assets to reduce memory usage. Loaded Objects now: 1620.
Total: 1.737100 ms (FindLiveObjects: 0.151100 ms CreateObjectMapping: 0.029100 ms MarkObjects: 1.508000 ms  DeleteObjects: 0.047900 ms)

========================================================================
Received Prepare
Registering precompiled user dll's ...
Registered in 0.000554 seconds.
Begin MonoManager ReloadAssembly
Native extension for WindowsStandalone target not found
Refreshing native plugins compatible for Editor in 0.22 ms, found 0 plugins.
Preloading 0 native plugins for Editor in 0.00 ms.
Invoked RoslynAnalysisRunner static constructor.
RoslynAnalysisRunner will not be running.
RoslynAnalysisRunner has terminated.
Mono: successfully reloaded assembly
- Completed reload, in  0.681 seconds
Platform modules already initialized, skipping
Refreshing native plugins compatible for Editor in 0.22 ms, found 0 plugins.
Preloading 0 native plugins for Editor in 0.00 ms.
Unloading 1113 Unused Serialized files (Serialized files now loaded: 0)
System memory in use before: 61.3 MB.
System memory in use after: 61.4 MB.

Unloading 5 unused Assets to reduce memory usage. Loaded Objects now: 1623.
Total: 1.685700 ms (FindLiveObjects: 0.145000 ms CreateObjectMapping: 0.033400 ms MarkObjects: 1.464300 ms  DeleteObjects: 0.042200 ms)

========================================================================
Received Prepare
Registering precompiled user dll's ...
Registered in 0.000388 seconds.
Begin MonoManager ReloadAssembly
Native extension for WindowsStandalone target not found
Refreshing native plugins compatible for Editor in 0.37 ms, found 0 plugins.
Preloading 0 native plugins for Editor in 0.00 ms.
Invoked RoslynAnalysisRunner static constructor.
RoslynAnalysisRunner will not be running.
RoslynAnalysisRunner has terminated.
Mono: successfully reloaded assembly
- Completed reload, in  0.727 seconds
Platform modules already initialized, skipping
Refreshing native plugins compatible for Editor in 0.32 ms, found 0 plugins.
Preloading 0 native plugins for Editor in 0.00 ms.
Unloading 1113 Unused Serialized files (Serialized files now loaded: 0)
System memory in use before: 61.3 MB.
System memory in use after: 61.4 MB.

Unloading 5 unused Assets to reduce memory usage. Loaded Objects now: 1626.
Total: 2.393900 ms (FindLiveObjects: 0.194700 ms CreateObjectMapping: 0.027700 ms MarkObjects: 2.104700 ms  DeleteObjects: 0.065400 ms)

========================================================================
Received Prepare
Registering precompiled user dll's ...
Registered in 0.000725 seconds.
Begin MonoManager ReloadAssembly
Native extension for WindowsStandalone target not found
Refreshing native plugins compatible for Editor in 0.25 ms, found 0 plugins.
Preloading 0 native plugins for Editor in 0.00 ms.
Invoked RoslynAnalysisRunner static constructor.
RoslynAnalysisRunner will not be running.
RoslynAnalysisRunner has terminated.
Mono: successfully reloaded assembly
- Completed reload, in  0.720 seconds
Platform modules already initialized, skipping
Refreshing native plugins compatible for Editor in 0.24 ms, found 0 plugins.
Preloading 0 native plugins for Editor in 0.00 ms.
Unloading 1113 Unused Serialized files (Serialized files now loaded: 0)
System memory in use before: 61.3 MB.
System memory in use after: 61.4 MB.

Unloading 5 unused Assets to reduce memory usage. Loaded Objects now: 1629.
Total: 1.625000 ms (FindLiveObjects: 0.148100 ms CreateObjectMapping: 0.028600 ms MarkObjects: 1.302400 ms  DeleteObjects: 0.144900 ms)

========================================================================
Received Prepare
Registering precompiled user dll's ...
Registered in 0.000442 seconds.
Begin MonoManager ReloadAssembly
Native extension for WindowsStandalone target not found
Refreshing native plugins compatible for Editor in 0.23 ms, found 0 plugins.
Preloading 0 native plugins for Editor in 0.00 ms.
Invoked RoslynAnalysisRunner static constructor.
RoslynAnalysisRunner will not be running.
RoslynAnalysisRunner has terminated.
Mono: successfully reloaded assembly
- Completed reload, in  0.623 seconds
Platform modules already initialized, skipping
Refreshing native plugins compatible for Editor in 0.22 ms, found 0 plugins.
Preloading 0 native plugins for Editor in 0.00 ms.
Unloading 1113 Unused Serialized files (Serialized files now loaded: 0)
System memory in use before: 61.3 MB.
System memory in use after: 61.4 MB.

Unloading 5 unused Assets to reduce memory usage. Loaded Objects now: 1632.
Total: 1.571300 ms (FindLiveObjects: 0.182600 ms CreateObjectMapping: 0.027200 ms MarkObjects: 1.309600 ms  DeleteObjects: 0.050900 ms)

========================================================================
Received Prepare
Registering precompiled user dll's ...
Registered in 0.000451 seconds.
Begin MonoManager ReloadAssembly
Native extension for WindowsStandalone target not found
Refreshing native plugins compatible for Editor in 0.23 ms, found 0 plugins.
Preloading 0 native plugins for Editor in 0.00 ms.
Invoked RoslynAnalysisRunner static constructor.
RoslynAnalysisRunner will not be running.
RoslynAnalysisRunner has terminated.
Mono: successfully reloaded assembly
- Completed reload, in  0.605 seconds
Platform modules already initialized, skipping
Refreshing native plugins compatible for Editor in 0.22 ms, found 0 plugins.
Preloading 0 native plugins for Editor in 0.00 ms.
Unloading 1113 Unused Serialized files (Serialized files now loaded: 0)
System memory in use before: 61.3 MB.
System memory in use after: 61.4 MB.

Unloading 5 unused Assets to reduce memory usage. Loaded Objects now: 1635.
Total: 1.628600 ms (FindLiveObjects: 0.165000 ms CreateObjectMapping: 0.025400 ms MarkObjects: 1.376000 ms  DeleteObjects: 0.061300 ms)

========================================================================
Received Prepare
Registering precompiled user dll's ...
Registered in 0.000463 seconds.
Begin MonoManager ReloadAssembly
Native extension for WindowsStandalone target not found
Refreshing native plugins compatible for Editor in 0.31 ms, found 0 plugins.
Preloading 0 native plugins for Editor in 0.00 ms.
Invoked RoslynAnalysisRunner static constructor.
RoslynAnalysisRunner will not be running.
RoslynAnalysisRunner has terminated.
Mono: successfully reloaded assembly
- Completed reload, in  0.638 seconds
Platform modules already initialized, skipping
Refreshing native plugins compatible for Editor in 0.24 ms, found 0 plugins.
Preloading 0 native plugins for Editor in 0.00 ms.
Unloading 1113 Unused Serialized files (Serialized files now loaded: 0)
System memory in use before: 61.3 MB.
System memory in use after: 61.4 MB.

Unloading 5 unused Assets to reduce memory usage. Loaded Objects now: 1638.
Total: 1.599600 ms (FindLiveObjects: 0.166500 ms CreateObjectMapping: 0.026800 ms MarkObjects: 1.351700 ms  DeleteObjects: 0.053600 ms)

========================================================================
Received Import Request.
  Time since last request: 6143.450944 seconds.
  path: Assets/Tree.prefab
  artifactKey: Guid(80a8db0296534a54f93666128e77932e) Importer(815301076,1909f56bfc062723c751e8b465ee728b)
Start importing Assets/Tree.prefab using Guid(80a8db0296534a54f93666128e77932e) Importer(815301076,1909f56bfc062723c751e8b465ee728b)  -> (artifact id: '32fee6c71bea29488e1f51cecf6df254') in 0.339973 seconds
  Import took 0.342679 seconds .

========================================================================
Received Prepare
Registering precompiled user dll's ...
Registered in 0.000702 seconds.
Begin MonoManager ReloadAssembly
Native extension for WindowsStandalone target not found
Refreshing native plugins compatible for Editor in 0.25 ms, found 0 plugins.
Preloading 0 native plugins for Editor in 0.00 ms.
Invoked RoslynAnalysisRunner static constructor.
RoslynAnalysisRunner will not be running.
RoslynAnalysisRunner has terminated.
Mono: successfully reloaded assembly
- Completed reload, in  0.614 seconds
Platform modules already initialized, skipping
Refreshing native plugins compatible for Editor in 0.22 ms, found 0 plugins.
Preloading 0 native plugins for Editor in 0.00 ms.
Unloading 1113 Unused Serialized files (Serialized files now loaded: 0)
System memory in use before: 62.0 MB.
System memory in use after: 62.0 MB.

Unloading 5 unused Assets to reduce memory usage. Loaded Objects now: 1649.
Total: 1.748800 ms (FindLiveObjects: 0.181500 ms CreateObjectMapping: 0.030400 ms MarkObjects: 1.491100 ms  DeleteObjects: 0.045100 ms)

========================================================================
Received Prepare
Registering precompiled user dll's ...
Registered in 0.000452 seconds.
Begin MonoManager ReloadAssembly
Native extension for WindowsStandalone target not found
Refreshing native plugins compatible for Editor in 0.22 ms, found 0 plugins.
Preloading 0 native plugins for Editor in 0.00 ms.
Invoked RoslynAnalysisRunner static constructor.
RoslynAnalysisRunner will not be running.
RoslynAnalysisRunner has terminated.
Mono: successfully reloaded assembly
- Completed reload, in  0.604 seconds
Platform modules already initialized, skipping
Refreshing native plugins compatible for Editor in 0.24 ms, found 0 plugins.
Preloading 0 native plugins for Editor in 0.00 ms.
Unloading 1113 Unused Serialized files (Serialized files now loaded: 0)
System memory in use before: 62.0 MB.
System memory in use after: 62.0 MB.

Unloading 5 unused Assets to reduce memory usage. Loaded Objects now: 1652.
Total: 1.712400 ms (FindLiveObjects: 0.175300 ms CreateObjectMapping: 0.026700 ms MarkObjects: 1.453500 ms  DeleteObjects: 0.055300 ms)

========================================================================
Received Import Request.
  Time since last request: 554.940451 seconds.
  path: Assets/Materials/floor.mat
  artifactKey: Guid(73674fab84c392b40a91cda309d9a4a1) Importer(815301076,1909f56bfc062723c751e8b465ee728b)
Start importing Assets/Materials/floor.mat using Guid(73674fab84c392b40a91cda309d9a4a1) Importer(815301076,1909f56bfc062723c751e8b465ee728b)  -> (artifact id: '68fc3d3c89f74fcccb09b317b4b08983') in 0.052816 seconds
  Import took 0.054944 seconds .

========================================================================
Received Import Request.
  Time since last request: 41.248634 seconds.
  path: Assets/Tree_Textures/diffuse.png
  artifactKey: Guid(b2fd722a465a1044984426e836fc15f4) Importer(815301076,1909f56bfc062723c751e8b465ee728b)
Start importing Assets/Tree_Textures/diffuse.png using Guid(b2fd722a465a1044984426e836fc15f4) Importer(815301076,1909f56bfc062723c751e8b465ee728b)  -> (artifact id: '423df3dd944b041b9d0d46cb955c407a') in 0.051364 seconds
  Import took 0.053438 seconds .

========================================================================
Received Import Request.
  Time since last request: 0.000175 seconds.
  path: Assets/TextMesh Pro/Sprites/EmojiOne.png
  artifactKey: Guid(dffef66376be4fa480fb02b19edbe903) Importer(815301076,1909f56bfc062723c751e8b465ee728b)
Start importing Assets/TextMesh Pro/Sprites/EmojiOne.png using Guid(dffef66376be4fa480fb02b19edbe903) Importer(815301076,1909f56bfc062723c751e8b465ee728b)  -> (artifact id: '4c17f5a3822cb06b4203d323f0ec1e79') in 0.013899 seconds
  Import took 0.015613 seconds .

========================================================================
Received Import Request.
  Time since last request: 0.000158 seconds.
  path: Assets/TextMesh Pro/Resources/Fonts & Materials/LiberationSans SDF - Fallback.asset
  artifactKey: Guid(2e498d1c8094910479dc3e1b768306a4) Importer(815301076,1909f56bfc062723c751e8b465ee728b)
Start importing Assets/TextMesh Pro/Resources/Fonts & Materials/LiberationSans SDF - Fallback.asset using Guid(2e498d1c8094910479dc3e1b768306a4) Importer(815301076,1909f56bfc062723c751e8b465ee728b)  -> (artifact id: '0f5d4783a4e2ee376916fe74944cc6ec') in 0.047772 seconds
  Import took 0.050135 seconds .

========================================================================
Received Import Request.
  Time since last request: 0.000184 seconds.
  path: Assets/Tree_Textures/translucency_gloss.png
  artifactKey: Guid(d02a292a12c442f4e8ccd8c3756668be) Importer(815301076,1909f56bfc062723c751e8b465ee728b)
Start importing Assets/Tree_Textures/translucency_gloss.png using Guid(d02a292a12c442f4e8ccd8c3756668be) Importer(815301076,1909f56bfc062723c751e8b465ee728b)  -> (artifact id: '050d6c9b083b6a8bb7ba942554af3108') in 0.011002 seconds
  Import took 0.012906 seconds .

========================================================================
Received Import Request.
  Time since last request: 0.000176 seconds.
  path: Assets/Scenes/SampleScene/ReflectionProbe-0.exr
  artifactKey: Guid(2473b37d0d28efe4aad9f270c596826e) Importer(815301076,1909f56bfc062723c751e8b465ee728b)
Start importing Assets/Scenes/SampleScene/ReflectionProbe-0.exr using Guid(2473b37d0d28efe4aad9f270c596826e) Importer(815301076,1909f56bfc062723c751e8b465ee728b)  -> (artifact id: 'f2ce6319022c5157d7a43edd543f01aa') in 0.026126 seconds
  Import took 0.027931 seconds .

========================================================================
Received Import Request.
  Time since last request: 0.000195 seconds.
  path: Assets/TextMesh Pro/Resources/Fonts & Materials/LiberationSans SDF.asset
  artifactKey: Guid(8f586378b4e144a9851e7b34d9b748ee) Importer(815301076,1909f56bfc062723c751e8b465ee728b)
Start importing Assets/TextMesh Pro/Resources/Fonts & Materials/LiberationSans SDF.asset using Guid(8f586378b4e144a9851e7b34d9b748ee) Importer(815301076,1909f56bfc062723c751e8b465ee728b)  -> (artifact id: '2f5836c2c76a165d4711b8257a7a24ff') in 0.035812 seconds
  Import took 0.037876 seconds .

========================================================================
Received Import Request.
  Time since last request: 0.000165 seconds.
  path: Assets/Tree_Textures/normal_specular.png
  artifactKey: Guid(6351754d01d6ceb4c95eeb004ba8536b) Importer(815301076,1909f56bfc062723c751e8b465ee728b)
Start importing Assets/Tree_Textures/normal_specular.png using Guid(6351754d01d6ceb4c95eeb004ba8536b) Importer(815301076,1909f56bfc062723c751e8b465ee728b)  -> (artifact id: '474bb5003def838fa0b67d4b07a999db') in 0.013227 seconds
  Import took 0.015344 seconds .

========================================================================
Received Import Request.
  Time since last request: 0.000189 seconds.
  path: Assets/Tree_Textures/shadow.png
  artifactKey: Guid(aa7bbb35c04fbb144a873d77ee3c04ee) Importer(815301076,1909f56bfc062723c751e8b465ee728b)
Start importing Assets/Tree_Textures/shadow.png using Guid(aa7bbb35c04fbb144a873d77ee3c04ee) Importer(815301076,1909f56bfc062723c751e8b465ee728b)  -> (artifact id: 'ed354c3bd34612f4bd5bb98e273aa617') in 0.011588 seconds
  Import took 0.013523 seconds .

========================================================================
Received Import Request.
  Time since last request: 267.900013 seconds.
  path: Assets/Textures
  artifactKey: Guid(f5784c9b4915a0c4f906f23a7ae101ae) Importer(815301076,1909f56bfc062723c751e8b465ee728b)
Start importing Assets/Textures using Guid(f5784c9b4915a0c4f906f23a7ae101ae) Importer(815301076,1909f56bfc062723c751e8b465ee728b)  -> (artifact id: 'c60fee3f73f710749a1e936681560c55') in 0.007295 seconds
  Import took 0.009367 seconds .

========================================================================
Received Import Request.
  Time since last request: 0.042144 seconds.
  path: Assets/Textures/yellow_cube_side.png
  artifactKey: Guid(284ea7e3208760846b9d43f15abd6282) Importer(815301076,1909f56bfc062723c751e8b465ee728b)
Start importing Assets/Textures/yellow_cube_side.png using Guid(284ea7e3208760846b9d43f15abd6282) Importer(815301076,1909f56bfc062723c751e8b465ee728b)  -> (artifact id: 'e6929fe701d01283c91c780da6ed7ff2') in 0.015465 seconds
  Import took 0.018222 seconds .

========================================================================
Received Import Request.
  Time since last request: 10.764569 seconds.
  path: Assets/Tree_Textures
  artifactKey: Guid(06abf4a0e083dfc4cbc9e5ecb8c7d0ff) Importer(815301076,1909f56bfc062723c751e8b465ee728b)
Start importing Assets/Tree_Textures using Guid(06abf4a0e083dfc4cbc9e5ecb8c7d0ff) Importer(815301076,1909f56bfc062723c751e8b465ee728b)  -> (artifact id: 'c30f6c9cab915d76bde96797c1ade3e7') in 0.006664 seconds
  Import took 0.008695 seconds .

========================================================================
Received Import Request.
  Time since last request: 1.499351 seconds.
  path: Assets/TextMesh Pro
  artifactKey: Guid(f54d1bd14bd3ca042bd867b519fee8cc) Importer(815301076,1909f56bfc062723c751e8b465ee728b)
Start importing Assets/TextMesh Pro using Guid(f54d1bd14bd3ca042bd867b519fee8cc) Importer(815301076,1909f56bfc062723c751e8b465ee728b)  -> (artifact id: '4fe1e02b069bed39c508f869cad12467') in 0.011531 seconds
  Import took 0.013463 seconds .

========================================================================
Received Prepare
Registering precompiled user dll's ...
Registered in 0.000486 seconds.
Begin MonoManager ReloadAssembly
Native extension for WindowsStandalone target not found
Refreshing native plugins compatible for Editor in 0.31 ms, found 0 plugins.
Preloading 0 native plugins for Editor in 0.00 ms.
Invoked RoslynAnalysisRunner static constructor.
RoslynAnalysisRunner will not be running.
RoslynAnalysisRunner has terminated.
Mono: successfully reloaded assembly
- Completed reload, in  0.623 seconds
Platform modules already initialized, skipping
Refreshing native plugins compatible for Editor in 0.23 ms, found 0 plugins.
Preloading 0 native plugins for Editor in 0.00 ms.
Unloading 1113 Unused Serialized files (Serialized files now loaded: 0)
System memory in use before: 62.1 MB.
System memory in use after: 62.2 MB.

Unloading 5 unused Assets to reduce memory usage. Loaded Objects now: 1664.
Total: 1.755400 ms (FindLiveObjects: 0.166200 ms CreateObjectMapping: 0.030300 ms MarkObjects: 1.510600 ms  DeleteObjects: 0.047200 ms)

========================================================================
Received Import Request.
  Time since last request: 132.660557 seconds.
  path: Assets/Textures/green_cube_side.png
  artifactKey: Guid(e9e64c29a841eb34398d834d64ac2742) Importer(815301076,1909f56bfc062723c751e8b465ee728b)
Start importing Assets/Textures/green_cube_side.png using Guid(e9e64c29a841eb34398d834d64ac2742) Importer(815301076,1909f56bfc062723c751e8b465ee728b)  -> (artifact id: '56d277668ac40f9bfbc3199c4358e54a') in 0.036142 seconds
  Import took 0.038264 seconds .

========================================================================
Received Import Request.
  Time since last request: 0.000166 seconds.
  path: Assets/Textures/red_cube_side.png
  artifactKey: Guid(a6ee371e40436d04a91b85d425a9f651) Importer(815301076,1909f56bfc062723c751e8b465ee728b)
Start importing Assets/Textures/red_cube_side.png using Guid(a6ee371e40436d04a91b85d425a9f651) Importer(815301076,1909f56bfc062723c751e8b465ee728b)  -> (artifact id: 'b2f1d79199b2225fc28ec5e741c99d2c') in 0.013485 seconds
  Import took 0.015780 seconds .

========================================================================
Received Import Request.
  Time since last request: 0.000189 seconds.
  path: Assets/Textures/blue_cube_side.png
  artifactKey: Guid(cf84344e1fda29f43973b376a6ea6501) Importer(815301076,1909f56bfc062723c751e8b465ee728b)
Start importing Assets/Textures/blue_cube_side.png using Guid(cf84344e1fda29f43973b376a6ea6501) Importer(815301076,1909f56bfc062723c751e8b465ee728b)  -> (artifact id: '7e9c4f87990231362614125fd50b153f') in 0.012726 seconds
  Import took 0.014871 seconds .

========================================================================
Received Import Request.
  Time since last request: 53.113939 seconds.
  path: Assets/Textures/orange_cube_side.png
  artifactKey: Guid(57c2d6572c7f25d4880c2220aec262dd) Importer(815301076,1909f56bfc062723c751e8b465ee728b)
Start importing Assets/Textures/orange_cube_side.png using Guid(57c2d6572c7f25d4880c2220aec262dd) Importer(815301076,1909f56bfc062723c751e8b465ee728b)  -> (artifact id: '346816beb34291b272c321d251eda834') in 0.014442 seconds
  Import took 0.016670 seconds .

========================================================================
Received Import Request.
  Time since last request: 0.000180 seconds.
  path: Assets/Textures/white_cube_side.png
  artifactKey: Guid(46861ca7f5d957940ac21e4455bff12f) Importer(815301076,1909f56bfc062723c751e8b465ee728b)
Start importing Assets/Textures/white_cube_side.png using Guid(46861ca7f5d957940ac21e4455bff12f) Importer(815301076,1909f56bfc062723c751e8b465ee728b)  -> (artifact id: '052d5f3a23b8eea3f27054fb3629a0ed') in 0.013051 seconds
  Import took 0.015153 seconds .

========================================================================
Received Import Request.
  Time since last request: 88.995604 seconds.
  path: Assets/Materials/blue.mat
  artifactKey: Guid(d7c8e1523a8457a4eb7b1fc14c57385c) Importer(815301076,1909f56bfc062723c751e8b465ee728b)
Start importing Assets/Materials/blue.mat using Guid(d7c8e1523a8457a4eb7b1fc14c57385c) Importer(815301076,1909f56bfc062723c751e8b465ee728b)  -> (artifact id: 'b79f6bd889be2204a94ed478f6ee5aa9') in 0.039422 seconds
  Import took 0.041492 seconds .

========================================================================
Received Import Request.
  Time since last request: 0.000154 seconds.
  path: Assets/Materials/green.mat
  artifactKey: Guid(2c6413ed84c3ff74b8a3f7e2792f510f) Importer(815301076,1909f56bfc062723c751e8b465ee728b)
Start importing Assets/Materials/green.mat using Guid(2c6413ed84c3ff74b8a3f7e2792f510f) Importer(815301076,1909f56bfc062723c751e8b465ee728b)  -> (artifact id: 'd2280647f4d95fad989aa925813b5e9d') in 0.016041 seconds
  Import took 0.017882 seconds .

========================================================================
Received Import Request.
  Time since last request: 0.000217 seconds.
  path: Assets/Materials/red.mat
  artifactKey: Guid(04821935044d4ef459ba00dd59490f8a) Importer(815301076,1909f56bfc062723c751e8b465ee728b)
Start importing Assets/Materials/red.mat using Guid(04821935044d4ef459ba00dd59490f8a) Importer(815301076,1909f56bfc062723c751e8b465ee728b)  -> (artifact id: 'bb0cdaf7654c2263d2241f27b3e03f2c') in 0.013631 seconds
  Import took 0.015505 seconds .

========================================================================
Received Import Request.
  Time since last request: 0.000180 seconds.
  path: Assets/Materials/floor.mat
  artifactKey: Guid(73674fab84c392b40a91cda309d9a4a1) Importer(815301076,1909f56bfc062723c751e8b465ee728b)
Start importing Assets/Materials/floor.mat using Guid(73674fab84c392b40a91cda309d9a4a1) Importer(815301076,1909f56bfc062723c751e8b465ee728b)  -> (artifact id: '6099b362c350b3246079cbabfa398597') in 0.013063 seconds
  Import took 0.015045 seconds .

========================================================================
Received Import Request.
  Time since last request: 0.000177 seconds.
  path: Assets/Materials/white.mat
  artifactKey: Guid(e6699c5481814154cb14a594c4c56ca6) Importer(815301076,1909f56bfc062723c751e8b465ee728b)
Start importing Assets/Materials/white.mat using Guid(e6699c5481814154cb14a594c4c56ca6) Importer(815301076,1909f56bfc062723c751e8b465ee728b)  -> (artifact id: '56adc5fabb5ff987a4bf32dee8a2bd2b') in 0.017508 seconds
  Import took 0.019790 seconds .

========================================================================
Received Import Request.
  Time since last request: 0.000220 seconds.
  path: Assets/Materials/orange.mat
  artifactKey: Guid(dadabd53bc7b0a84c8115bb349bb852d) Importer(815301076,1909f56bfc062723c751e8b465ee728b)
Start importing Assets/Materials/orange.mat using Guid(dadabd53bc7b0a84c8115bb349bb852d) Importer(815301076,1909f56bfc062723c751e8b465ee728b)  -> (artifact id: 'a9090ce2c095f0aed014d5c3a52ea4bf') in 0.013167 seconds
  Import took 0.015187 seconds .

========================================================================
Received Import Request.
  Time since last request: 0.000185 seconds.
  path: Assets/Materials/yellow.mat
  artifactKey: Guid(298e7625a0197c54fb559998744a6e48) Importer(815301076,1909f56bfc062723c751e8b465ee728b)
Start importing Assets/Materials/yellow.mat using Guid(298e7625a0197c54fb559998744a6e48) Importer(815301076,1909f56bfc062723c751e8b465ee728b)  -> (artifact id: '31757aa228d76ef6a86a6a06c576fa10') in 0.014896 seconds
  Import took 0.017214 seconds .

========================================================================
Received Prepare
Registering precompiled user dll's ...
Registered in 0.000594 seconds.
Begin MonoManager ReloadAssembly
Native extension for WindowsStandalone target not found
Refreshing native plugins compatible for Editor in 0.27 ms, found 0 plugins.
Preloading 0 native plugins for Editor in 0.00 ms.
Invoked RoslynAnalysisRunner static constructor.
RoslynAnalysisRunner will not be running.
RoslynAnalysisRunner has terminated.
Mono: successfully reloaded assembly
- Completed reload, in  0.703 seconds
Platform modules already initialized, skipping
Refreshing native plugins compatible for Editor in 0.40 ms, found 0 plugins.
Preloading 0 native plugins for Editor in 0.00 ms.
Unloading 1113 Unused Serialized files (Serialized files now loaded: 0)
System memory in use before: 62.2 MB.
System memory in use after: 62.2 MB.

Unloading 6 unused Assets to reduce memory usage. Loaded Objects now: 1668.
Total: 2.211400 ms (FindLiveObjects: 0.180600 ms CreateObjectMapping: 0.030100 ms MarkObjects: 1.899900 ms  DeleteObjects: 0.099800 ms)

AssetImportWorkerClient::OnTransportError - code=2 error=End of file
